2009.04.01 14:07 B E:\installations\apache2triad\htdocs\sig\admin\fckeditor\editor\_source\classes\fckcontextmenu.js --> www.infomist.com /sig/admin/fckeditor/editor/_source/classes fckcontextmenu.js
2009.04.01 14:07 B E:\installations\apache2triad\htdocs\sig\admin\fckeditor\editor\_source\classes\fckdataprocessor.js --> www.infomist.com /sig/admin/fckeditor/editor/_source/classes fckdataprocessor.js
2009.04.01 14:07 B E:\installations\apache2triad\htdocs\sig\admin\fckeditor\editor\_source\classes\fckdocumentfragment_gecko.js --> www.infomist.com /sig/admin/fckeditor/editor/_source/classes fckdocumentfragment_gecko.js
2009.04.01 14:07 B E:\installations\apache2triad\htdocs\sig\admin\fckeditor\editor\_source\classes\fckdocumentfragment_ie.js --> www.infomist.com /sig/admin/fckeditor/editor/_source/classes fckdocumentfragment_ie.js
2009.04.01 14:07 B E:\installations\apache2triad\htdocs\sig\admin\fckeditor\editor\_source\classes\fckdomrange.js --> www.infomist.com /sig/admin/fckeditor/editor/_source/classes fckdomrange.js
2009.04.01 14:07 B E:\installations\apache2triad\htdocs\sig\admin\fckeditor\editor\_source\classes\fckdomrange_gecko.js --> www.infomist.com /sig/admin/fckeditor/editor/_source/classes fckdomrange_gecko.js
2009.04.01 14:07 B E:\installations\apache2triad\htdocs\sig\admin\fckeditor\editor\_source\classes\fckdomrange_ie.js --> www.infomist.com /sig/admin/fckeditor/editor/_source/classes fckdomrange_ie.js
2009.04.01 14:07 B E:\installations\apache2triad\htdocs\sig\admin\fckeditor\editor\_source\classes\fckdomrangeiterator.js --> www.infomist.com /sig/admin/fckeditor/editor/_source/classes fckdomrangeiterator.js
2009.04.01 14:07 B E:\installations\apache2triad\htdocs\sig\admin\fckeditor\editor\_source\classes\fckeditingarea.js --> www.infomist.com /sig/admin/fckeditor/editor/_source/classes fckeditingarea.js
2009.04.01 14:07 B E:\installations\apache2triad\htdocs\sig\admin\fckeditor\editor\_source\classes\fckelementpath.js --> www.infomist.com /sig/admin/fckeditor/editor/_source/classes fckelementpath.js
2009.04.01 14:07 B E:\installations\apache2triad\htdocs\sig\admin\fckeditor\editor\_source\classes\fckenterkey.js --> www.infomist.com /sig/admin/fckeditor/editor/_source/classes fckenterkey.js
2009.04.01 14:07 B E:\installations\apache2triad\htdocs\sig\admin\fckeditor\editor\_source\classes\fckevents.js --> www.infomist.com /sig/admin/fckeditor/editor/_source/classes fckevents.js
2009.04.01 14:07 B E:\installations\apache2triad\htdocs\sig\admin\fckeditor\editor\_source\classes\fckhtmliterator.js --> www.infomist.com /sig/admin/fckeditor/editor/_source/classes fckhtmliterator.js
2009.04.01 14:07 B E:\installations\apache2triad\htdocs\sig\admin\fckeditor\editor\_source\classes\fckicon.js --> www.infomist.com /sig/admin/fckeditor/editor/_source/classes fckicon.js
2009.04.01 14:07 B E:\installations\apache2triad\htdocs\sig\admin\fckeditor\editor\_source\classes\fckiecleanup.js --> www.infomist.com /sig/admin/fckeditor/editor/_source/classes fckiecleanup.js
2009.04.01 14:07 B E:\installations\apache2triad\htdocs\sig\admin\fckeditor\editor\_source\classes\fckimagepreloader.js --> www.infomist.com /sig/admin/fckeditor/editor/_source/classes fckimagepreloader.js
2009.04.01 14:08 B E:\installations\apache2triad\htdocs\sig\admin\fckeditor\editor\_source\classes\fckkeystrokehandler.js --> www.infomist.com /sig/admin/fckeditor/editor/_source/classes fckkeystrokehandler.js
2009.04.01 14:08 B E:\installations\apache2triad\htdocs\sig\admin\fckeditor\editor\_source\classes\fckmenublock.js --> www.infomist.com /sig/admin/fckeditor/editor/_source/classes fckmenublock.js
2009.04.01 14:08 B E:\installations\apache2triad\htdocs\sig\admin\fckeditor\editor\_source\classes\fckmenublockpanel.js --> www.infomist.com /sig/admin/fckeditor/editor/_source/classes fckmenublockpanel.js
2009.04.01 14:08 B E:\installations\apache2triad\htdocs\sig\admin\fckeditor\editor\_source\classes\fckmenuitem.js --> www.infomist.com /sig/admin/fckeditor/editor/_source/classes fckmenuitem.js
2009.04.01 14:08 B E:\installations\apache2triad\htdocs\sig\admin\fckeditor\editor\_source\classes\fckpanel.js --> www.infomist.com /sig/admin/fckeditor/editor/_source/classes fckpanel.js
2009.04.01 14:08 B E:\installations\apache2triad\htdocs\sig\admin\fckeditor\editor\_source\classes\fckplugin.js --> www.infomist.com /sig/admin/fckeditor/editor/_source/classes fckplugin.js
2009.04.01 14:08 B E:\installations\apache2triad\htdocs\sig\admin\fckeditor\editor\_source\classes\fckspecialcombo.js --> www.infomist.com /sig/admin/fckeditor/editor/_source/classes fckspecialcombo.js
2009.04.01 14:08 B E:\installations\apache2triad\htdocs\sig\admin\fckeditor\editor\_source\classes\fckstyle.js --> www.infomist.com /sig/admin/fckeditor/editor/_source/classes fckstyle.js
2009.04.01 14:08 B E:\installations\apache2triad\htdocs\sig\admin\fckeditor\editor\_source\classes\fcktoolbar.js --> www.infomist.com /sig/admin/fckeditor/editor/_source/classes fcktoolbar.js
2009.04.01 14:08 B E:\installations\apache2triad\htdocs\sig\admin\fckeditor\editor\_source\classes\fcktoolbarbreak_gecko.js --> www.infomist.com /sig/admin/fckeditor/editor/_source/classes fcktoolbarbreak_gecko.js
2009.04.01 14:08 B E:\installations\apache2triad\htdocs\sig\admin\fckeditor\editor\_source\classes\fcktoolbarbreak_ie.js --> www.infomist.com /sig/admin/fckeditor/editor/_source/classes fcktoolbarbreak_ie.js
2009.04.01 14:08 B E:\installations\apache2triad\htdocs\sig\admin\fckeditor\editor\_source\classes\fcktoolbarbutton.js --> www.infomist.com /sig/admin/fckeditor/editor/_source/classes fcktoolbarbutton.js
2009.04.01 14:08 B E:\installations\apache2triad\htdocs\sig\admin\fckeditor\editor\_source\classes\fcktoolbarbuttonui.js --> www.infomist.com /sig/admin/fckeditor/editor/_source/classes fcktoolbarbuttonui.js
2009.04.01 14:08 B E:\installations\apache2triad\htdocs\sig\admin\fckeditor\editor\_source\classes\fcktoolbarfontformatcombo.js --> www.infomist.com /sig/admin/fckeditor/editor/_source/classes fcktoolbarfontformatcombo.js
2009.04.01 14:08 B E:\installations\apache2triad\htdocs\sig\admin\fckeditor\editor\_source\classes\fcktoolbarfontscombo.js --> www.infomist.com /sig/admin/fckeditor/editor/_source/classes fcktoolbarfontscombo.js
2009.04.01 14:08 B E:\installations\apache2triad\htdocs\sig\admin\fckeditor\editor\_source\classes\fcktoolbarfontsizecombo.js --> www.infomist.com /sig/admin/fckeditor/editor/_source/classes fcktoolbarfontsizecombo.js
2009.04.01 14:08 B E:\installations\apache2triad\htdocs\sig\admin\fckeditor\editor\_source\classes\fcktoolbarpanelbutton.js --> www.infomist.com /sig/admin/fckeditor/editor/_source/classes fcktoolbarpanelbutton.js
2009.04.01 14:08 B E:\installations\apache2triad\htdocs\sig\admin\fckeditor\editor\_source\classes\fcktoolbarspecialcombo.js --> www.infomist.com /sig/admin/fckeditor/editor/_source/classes fcktoolbarspecialcombo.js
2009.04.01 14:08 B E:\installations\apache2triad\htdocs\sig\admin\fckeditor\editor\_source\classes\fcktoolbarstylecombo.js --> www.infomist.com /sig/admin/fckeditor/editor/_source/classes fcktoolbarstylecombo.js
2009.04.01 14:08 B E:\installations\apache2triad\htdocs\sig\admin\fckeditor\editor\_source\classes\fckw3crange.js --> www.infomist.com /sig/admin/fckeditor/editor/_source/classes fckw3crange.js
2009.04.01 14:08 B E:\installations\apache2triad\htdocs\sig\admin\fckeditor\editor\_source\classes\fckxml.js --> www.infomist.com /sig/admin/fckeditor/editor/_source/classes fckxml.js
2009.04.01 14:08 B E:\installations\apache2triad\htdocs\sig\admin\fckeditor\editor\_source\classes\fckxml_gecko.js --> www.infomist.com /sig/admin/fckeditor/editor/_source/classes fckxml_gecko.js
2009.04.01 14:08 B E:\installations\apache2triad\htdocs\sig\admin\fckeditor\editor\_source\classes\fckxml_ie.js --> www.infomist.com /sig/admin/fckeditor/editor/_source/classes fckxml_ie.js
