2009.04.01 14:09 B E:\installations\apache2triad\htdocs\sig\admin\fckeditor\editor\_source\internals\fck.js --> www.infomist.com /sig/admin/fckeditor/editor/_source/internals fck.js
2009.04.01 14:09 B E:\installations\apache2triad\htdocs\sig\admin\fckeditor\editor\_source\internals\fck_contextmenu.js --> www.infomist.com /sig/admin/fckeditor/editor/_source/internals fck_contextmenu.js
2009.04.01 14:09 B E:\installations\apache2triad\htdocs\sig\admin\fckeditor\editor\_source\internals\fck_gecko.js --> www.infomist.com /sig/admin/fckeditor/editor/_source/internals fck_gecko.js
2009.04.01 14:09 B E:\installations\apache2triad\htdocs\sig\admin\fckeditor\editor\_source\internals\fck_ie.js --> www.infomist.com /sig/admin/fckeditor/editor/_source/internals fck_ie.js
2009.04.01 14:09 B E:\installations\apache2triad\htdocs\sig\admin\fckeditor\editor\_source\internals\fckbrowserinfo.js --> www.infomist.com /sig/admin/fckeditor/editor/_source/internals fckbrowserinfo.js
2009.04.01 14:09 B E:\installations\apache2triad\htdocs\sig\admin\fckeditor\editor\_source\internals\fckcodeformatter.js --> www.infomist.com /sig/admin/fckeditor/editor/_source/internals fckcodeformatter.js
2009.04.01 14:09 B E:\installations\apache2triad\htdocs\sig\admin\fckeditor\editor\_source\internals\fckcommands.js --> www.infomist.com /sig/admin/fckeditor/editor/_source/internals fckcommands.js
2009.04.01 14:10 B E:\installations\apache2triad\htdocs\sig\admin\fckeditor\editor\_source\internals\fckconfig.js --> www.infomist.com /sig/admin/fckeditor/editor/_source/internals fckconfig.js
2009.04.01 14:10 B E:\installations\apache2triad\htdocs\sig\admin\fckeditor\editor\_source\internals\fckdebug.js --> www.infomist.com /sig/admin/fckeditor/editor/_source/internals fckdebug.js
2009.04.01 14:10 B E:\installations\apache2triad\htdocs\sig\admin\fckeditor\editor\_source\internals\fckdebug_empty.js --> www.infomist.com /sig/admin/fckeditor/editor/_source/internals fckdebug_empty.js
2009.04.01 14:10 B E:\installations\apache2triad\htdocs\sig\admin\fckeditor\editor\_source\internals\fckdialog.js --> www.infomist.com /sig/admin/fckeditor/editor/_source/internals fckdialog.js
2009.04.01 14:10 B E:\installations\apache2triad\htdocs\sig\admin\fckeditor\editor\_source\internals\fckdocumentprocessor.js --> www.infomist.com /sig/admin/fckeditor/editor/_source/internals fckdocumentprocessor.js
2009.04.01 14:10 B E:\installations\apache2triad\htdocs\sig\admin\fckeditor\editor\_source\internals\fckdomtools.js --> www.infomist.com /sig/admin/fckeditor/editor/_source/internals fckdomtools.js
2009.04.01 14:10 B E:\installations\apache2triad\htdocs\sig\admin\fckeditor\editor\_source\internals\fcklanguagemanager.js --> www.infomist.com /sig/admin/fckeditor/editor/_source/internals fcklanguagemanager.js
2009.04.01 14:10 B E:\installations\apache2triad\htdocs\sig\admin\fckeditor\editor\_source\internals\fcklisthandler.js --> www.infomist.com /sig/admin/fckeditor/editor/_source/internals fcklisthandler.js
2009.04.01 14:10 B E:\installations\apache2triad\htdocs\sig\admin\fckeditor\editor\_source\internals\fcklistslib.js --> www.infomist.com /sig/admin/fckeditor/editor/_source/internals fcklistslib.js
2009.04.01 14:10 B E:\installations\apache2triad\htdocs\sig\admin\fckeditor\editor\_source\internals\fckplugins.js --> www.infomist.com /sig/admin/fckeditor/editor/_source/internals fckplugins.js
2009.04.01 14:10 B E:\installations\apache2triad\htdocs\sig\admin\fckeditor\editor\_source\internals\fckregexlib.js --> www.infomist.com /sig/admin/fckeditor/editor/_source/internals fckregexlib.js
2009.04.01 14:10 B E:\installations\apache2triad\htdocs\sig\admin\fckeditor\editor\_source\internals\fckselection.js --> www.infomist.com /sig/admin/fckeditor/editor/_source/internals fckselection.js
2009.04.01 14:10 B E:\installations\apache2triad\htdocs\sig\admin\fckeditor\editor\_source\internals\fckselection_gecko.js --> www.infomist.com /sig/admin/fckeditor/editor/_source/internals fckselection_gecko.js
2009.04.01 14:10 B E:\installations\apache2triad\htdocs\sig\admin\fckeditor\editor\_source\internals\fckselection_ie.js --> www.infomist.com /sig/admin/fckeditor/editor/_source/internals fckselection_ie.js
2009.04.01 14:10 B E:\installations\apache2triad\htdocs\sig\admin\fckeditor\editor\_source\internals\fckstyles.js --> www.infomist.com /sig/admin/fckeditor/editor/_source/internals fckstyles.js
2009.04.01 14:10 B E:\installations\apache2triad\htdocs\sig\admin\fckeditor\editor\_source\internals\fcktablehandler.js --> www.infomist.com /sig/admin/fckeditor/editor/_source/internals fcktablehandler.js
2009.04.01 14:10 B E:\installations\apache2triad\htdocs\sig\admin\fckeditor\editor\_source\internals\fcktablehandler_gecko.js --> www.infomist.com /sig/admin/fckeditor/editor/_source/internals fcktablehandler_gecko.js
2009.04.01 14:10 B E:\installations\apache2triad\htdocs\sig\admin\fckeditor\editor\_source\internals\fcktablehandler_ie.js --> www.infomist.com /sig/admin/fckeditor/editor/_source/internals fcktablehandler_ie.js
2009.04.01 14:10 B E:\installations\apache2triad\htdocs\sig\admin\fckeditor\editor\_source\internals\fcktoolbaritems.js --> www.infomist.com /sig/admin/fckeditor/editor/_source/internals fcktoolbaritems.js
2009.04.01 14:10 B E:\installations\apache2triad\htdocs\sig\admin\fckeditor\editor\_source\internals\fcktoolbarset.js --> www.infomist.com /sig/admin/fckeditor/editor/_source/internals fcktoolbarset.js
2009.04.01 14:10 B E:\installations\apache2triad\htdocs\sig\admin\fckeditor\editor\_source\internals\fcktools.js --> www.infomist.com /sig/admin/fckeditor/editor/_source/internals fcktools.js
2009.04.01 14:10 B E:\installations\apache2triad\htdocs\sig\admin\fckeditor\editor\_source\internals\fcktools_gecko.js --> www.infomist.com /sig/admin/fckeditor/editor/_source/internals fcktools_gecko.js
2009.04.01 14:10 B E:\installations\apache2triad\htdocs\sig\admin\fckeditor\editor\_source\internals\fcktools_ie.js --> www.infomist.com /sig/admin/fckeditor/editor/_source/internals fcktools_ie.js
2009.04.01 14:11 B E:\installations\apache2triad\htdocs\sig\admin\fckeditor\editor\_source\internals\fckundo.js --> www.infomist.com /sig/admin/fckeditor/editor/_source/internals fckundo.js
2009.04.01 14:11 B E:\installations\apache2triad\htdocs\sig\admin\fckeditor\editor\_source\internals\fckurlparams.js --> www.infomist.com /sig/admin/fckeditor/editor/_source/internals fckurlparams.js
2009.04.01 14:11 B E:\installations\apache2triad\htdocs\sig\admin\fckeditor\editor\_source\internals\fckxhtml.js --> www.infomist.com /sig/admin/fckeditor/editor/_source/internals fckxhtml.js
2009.04.01 14:11 B E:\installations\apache2triad\htdocs\sig\admin\fckeditor\editor\_source\internals\fckxhtml_gecko.js --> www.infomist.com /sig/admin/fckeditor/editor/_source/internals fckxhtml_gecko.js
2009.04.01 14:11 B E:\installations\apache2triad\htdocs\sig\admin\fckeditor\editor\_source\internals\fckxhtml_ie.js --> www.infomist.com /sig/admin/fckeditor/editor/_source/internals fckxhtml_ie.js
2009.04.01 14:11 B E:\installations\apache2triad\htdocs\sig\admin\fckeditor\editor\_source\internals\fckxhtmlentities.js --> www.infomist.com /sig/admin/fckeditor/editor/_source/internals fckxhtmlentities.js
