2009.04.01 14:15 B E:\installations\apache2triad\htdocs\sig\admin\fckeditor\editor\dialog\fck_about.html --> www.infomist.com /sig/admin/fckeditor/editor/dialog fck_about.html
2009.04.01 14:15 B E:\installations\apache2triad\htdocs\sig\admin\fckeditor\editor\dialog\fck_anchor.html --> www.infomist.com /sig/admin/fckeditor/editor/dialog fck_anchor.html
2009.04.01 14:15 B E:\installations\apache2triad\htdocs\sig\admin\fckeditor\editor\dialog\fck_button.html --> www.infomist.com /sig/admin/fckeditor/editor/dialog fck_button.html
2009.04.01 14:15 B E:\installations\apache2triad\htdocs\sig\admin\fckeditor\editor\dialog\fck_checkbox.html --> www.infomist.com /sig/admin/fckeditor/editor/dialog fck_checkbox.html
2009.04.01 14:15 B E:\installations\apache2triad\htdocs\sig\admin\fckeditor\editor\dialog\fck_colorselector.html --> www.infomist.com /sig/admin/fckeditor/editor/dialog fck_colorselector.html
2009.04.01 14:15 B E:\installations\apache2triad\htdocs\sig\admin\fckeditor\editor\dialog\fck_div.html --> www.infomist.com /sig/admin/fckeditor/editor/dialog fck_div.html
2009.04.01 14:16 B E:\installations\apache2triad\htdocs\sig\admin\fckeditor\editor\dialog\fck_docprops.html --> www.infomist.com /sig/admin/fckeditor/editor/dialog fck_docprops.html
2009.04.01 14:16 B E:\installations\apache2triad\htdocs\sig\admin\fckeditor\editor\dialog\fck_flash.html --> www.infomist.com /sig/admin/fckeditor/editor/dialog fck_flash.html
2009.04.01 14:16 B E:\installations\apache2triad\htdocs\sig\admin\fckeditor\editor\dialog\fck_form.html --> www.infomist.com /sig/admin/fckeditor/editor/dialog fck_form.html
2009.04.01 14:16 B E:\installations\apache2triad\htdocs\sig\admin\fckeditor\editor\dialog\fck_hiddenfield.html --> www.infomist.com /sig/admin/fckeditor/editor/dialog fck_hiddenfield.html
2009.04.01 14:16 B E:\installations\apache2triad\htdocs\sig\admin\fckeditor\editor\dialog\fck_image.html --> www.infomist.com /sig/admin/fckeditor/editor/dialog fck_image.html
2009.04.01 14:16 B E:\installations\apache2triad\htdocs\sig\admin\fckeditor\editor\dialog\fck_link.html --> www.infomist.com /sig/admin/fckeditor/editor/dialog fck_link.html
2009.04.01 14:16 B E:\installations\apache2triad\htdocs\sig\admin\fckeditor\editor\dialog\fck_listprop.html --> www.infomist.com /sig/admin/fckeditor/editor/dialog fck_listprop.html
2009.04.01 14:16 B E:\installations\apache2triad\htdocs\sig\admin\fckeditor\editor\dialog\fck_paste.html --> www.infomist.com /sig/admin/fckeditor/editor/dialog fck_paste.html
2009.04.01 14:16 B E:\installations\apache2triad\htdocs\sig\admin\fckeditor\editor\dialog\fck_radiobutton.html --> www.infomist.com /sig/admin/fckeditor/editor/dialog fck_radiobutton.html
2009.04.01 14:16 B E:\installations\apache2triad\htdocs\sig\admin\fckeditor\editor\dialog\fck_replace.html --> www.infomist.com /sig/admin/fckeditor/editor/dialog fck_replace.html
2009.04.01 14:16 B E:\installations\apache2triad\htdocs\sig\admin\fckeditor\editor\dialog\fck_select.html --> www.infomist.com /sig/admin/fckeditor/editor/dialog fck_select.html
2009.04.01 14:16 B E:\installations\apache2triad\htdocs\sig\admin\fckeditor\editor\dialog\fck_smiley.html --> www.infomist.com /sig/admin/fckeditor/editor/dialog fck_smiley.html
2009.04.01 14:16 B E:\installations\apache2triad\htdocs\sig\admin\fckeditor\editor\dialog\fck_source.html --> www.infomist.com /sig/admin/fckeditor/editor/dialog fck_source.html
2009.04.01 14:16 B E:\installations\apache2triad\htdocs\sig\admin\fckeditor\editor\dialog\fck_specialchar.html --> www.infomist.com /sig/admin/fckeditor/editor/dialog fck_specialchar.html
2009.04.01 14:16 B E:\installations\apache2triad\htdocs\sig\admin\fckeditor\editor\dialog\fck_spellerpages.html --> www.infomist.com /sig/admin/fckeditor/editor/dialog fck_spellerpages.html
2009.04.01 14:16 B E:\installations\apache2triad\htdocs\sig\admin\fckeditor\editor\dialog\fck_table.html --> www.infomist.com /sig/admin/fckeditor/editor/dialog fck_table.html
2009.04.01 14:16 B E:\installations\apache2triad\htdocs\sig\admin\fckeditor\editor\dialog\fck_tablecell.html --> www.infomist.com /sig/admin/fckeditor/editor/dialog fck_tablecell.html
2009.04.01 14:16 B E:\installations\apache2triad\htdocs\sig\admin\fckeditor\editor\dialog\fck_template.html --> www.infomist.com /sig/admin/fckeditor/editor/dialog fck_template.html
2009.04.01 14:16 B E:\installations\apache2triad\htdocs\sig\admin\fckeditor\editor\dialog\fck_textarea.html --> www.infomist.com /sig/admin/fckeditor/editor/dialog fck_textarea.html
2009.04.01 14:16 B E:\installations\apache2triad\htdocs\sig\admin\fckeditor\editor\dialog\fck_textfield.html --> www.infomist.com /sig/admin/fckeditor/editor/dialog fck_textfield.html
