2008.10.14 16:13 B E:\installations\apache2triad\htdocs\chalbasey\safari_fckeditor\fckeditor\editor\plugins\youtube\lang\en.js --> chalbasey.com /www/safari_fckeditor/fckeditor/editor/plugins/youtube/lang en.js
2008.10.14 16:13 B E:\installations\apache2triad\htdocs\chalbasey\safari_fckeditor\fckeditor\editor\plugins\youtube\lang\es.js --> chalbasey.com /www/safari_fckeditor/fckeditor/editor/plugins/youtube/lang es.js
2008.10.14 16:13 B E:\installations\apache2triad\htdocs\chalbasey\safari_fckeditor\fckeditor\editor\plugins\youtube\lang\fr.js --> chalbasey.com /www/safari_fckeditor/fckeditor/editor/plugins/youtube/lang fr.js
2008.10.14 16:13 B E:\installations\apache2triad\htdocs\chalbasey\safari_fckeditor\fckeditor\editor\plugins\youtube\lang\ja.js --> chalbasey.com /www/safari_fckeditor/fckeditor/editor/plugins/youtube/lang ja.js
2008.10.14 16:13 B E:\installations\apache2triad\htdocs\chalbasey\safari_fckeditor\fckeditor\editor\plugins\youtube\lang\nl.js --> chalbasey.com /www/safari_fckeditor/fckeditor/editor/plugins/youtube/lang nl.js
2008.10.14 16:13 B E:\installations\apache2triad\htdocs\chalbasey\safari_fckeditor\fckeditor\editor\plugins\youtube\lang\zh-cn.js --> chalbasey.com /www/safari_fckeditor/fckeditor/editor/plugins/youtube/lang zh-cn.js
2008.10.14 19:38 B E:\installations\apache2triad\htdocs\chalbasey\safari_fckeditor\fckeditor\editor\plugins\youtube\lang\en.js --> chalbasey.com /www/safari_fckeditor/fckeditor/editor/plugins/youtube/lang en.js
2008.10.14 19:39 B E:\installations\apache2triad\htdocs\chalbasey\safari_fckeditor\fckeditor\editor\plugins\youtube\lang\en.js --> chalbasey.com /www/safari_fckeditor/fckeditor/editor/plugins/youtube/lang en.js
2008.10.14 19:40 B E:\installations\apache2triad\htdocs\chalbasey\safari_fckeditor\fckeditor\editor\plugins\youtube\lang\en.js --> chalbasey.com /www/safari_fckeditor/fckeditor/editor/plugins/youtube/lang en.js
2008.10.14 19:41 B E:\installations\apache2triad\htdocs\chalbasey\safari_fckeditor\fckeditor\editor\plugins\youtube\lang\en.js --> chalbasey.com /www/safari_fckeditor/fckeditor/editor/plugins/youtube/lang en.js
2008.10.14 19:42 B E:\installations\apache2triad\htdocs\chalbasey\safari_fckeditor\fckeditor\editor\plugins\youtube\lang\en.js --> chalbasey.com /www/safari_fckeditor/fckeditor/editor/plugins/youtube/lang en.js
2008.10.14 19:43 B E:\installations\apache2triad\htdocs\chalbasey\safari_fckeditor\fckeditor\editor\plugins\youtube\lang\en.js --> chalbasey.com /www/safari_fckeditor/fckeditor/editor/plugins/youtube/lang en.js
2008.10.14 19:44 B E:\installations\apache2triad\htdocs\chalbasey\safari_fckeditor\fckeditor\editor\plugins\youtube\lang\en.js --> chalbasey.com /www/safari_fckeditor/fckeditor/editor/plugins/youtube/lang en.js
2008.10.14 19:50 B E:\installations\apache2triad\htdocs\chalbasey\safari_fckeditor\fckeditor\editor\plugins\youtube\lang\en.js --> chalbasey.com /www/safari_fckeditor/fckeditor/editor/plugins/youtube/lang en.js
2008.10.14 19:52 B E:\installations\apache2triad\htdocs\chalbasey\safari_fckeditor\fckeditor\editor\plugins\youtube\lang\en.js --> chalbasey.com /www/safari_fckeditor/fckeditor/editor/plugins/youtube/lang en.js
2008.10.14 19:57 B E:\installations\apache2triad\htdocs\chalbasey\safari_fckeditor\fckeditor\editor\plugins\youtube\lang\en.js --> chalbasey.com /www/safari_fckeditor/fckeditor/editor/plugins/youtube/lang en.js
2008.10.14 20:01 B E:\installations\apache2triad\htdocs\chalbasey\safari_fckeditor\fckeditor\editor\plugins\youtube\lang\en.js --> chalbasey.com /www/safari_fckeditor/fckeditor/editor/plugins/youtube/lang en.js
2008.10.15 19:00 B E:\installations\apache2triad\htdocs\chalbasey\safari_fckeditor\fckeditor\editor\plugins\youtube\lang\WS_FTP.LOG --> chalbasey.com /www/siteadmin/fckeditor/editor/plugins/youtube/lang WS_FTP.LOG
2008.10.15 19:00 B E:\installations\apache2triad\htdocs\chalbasey\safari_fckeditor\fckeditor\editor\plugins\youtube\lang\en.js --> chalbasey.com /www/siteadmin/fckeditor/editor/plugins/youtube/lang en.js
2008.10.15 19:00 B E:\installations\apache2triad\htdocs\chalbasey\safari_fckeditor\fckeditor\editor\plugins\youtube\lang\fr.js --> chalbasey.com /www/siteadmin/fckeditor/editor/plugins/youtube/lang fr.js
2008.10.15 19:00 B E:\installations\apache2triad\htdocs\chalbasey\safari_fckeditor\fckeditor\editor\plugins\youtube\lang\zh-cn.js --> chalbasey.com /www/siteadmin/fckeditor/editor/plugins/youtube/lang zh-cn.js
2008.10.15 19:00 B E:\installations\apache2triad\htdocs\chalbasey\safari_fckeditor\fckeditor\editor\plugins\youtube\lang\nl.js --> chalbasey.com /www/siteadmin/fckeditor/editor/plugins/youtube/lang nl.js
2008.10.15 19:00 B E:\installations\apache2triad\htdocs\chalbasey\safari_fckeditor\fckeditor\editor\plugins\youtube\lang\ja.js --> chalbasey.com /www/siteadmin/fckeditor/editor/plugins/youtube/lang ja.js
2008.10.15 19:00 B E:\installations\apache2triad\htdocs\chalbasey\safari_fckeditor\fckeditor\editor\plugins\youtube\lang\es.js --> chalbasey.com /www/siteadmin/fckeditor/editor/plugins/youtube/lang es.js
