2008.10.14 18:37 B E:\installations\apache2triad\htdocs\chalbasey\safari_fckeditor\fckeditor\editor\plugins\flvPlayer\fckplugin.js --> chalbasey.com /www/safari_fckeditor/fckeditor/editor/plugins/flvPlayer fckplugin.js
2008.10.14 18:37 B E:\installations\apache2triad\htdocs\chalbasey\safari_fckeditor\fckeditor\editor\plugins\flvPlayer\flvPlayer.gif --> chalbasey.com /www/safari_fckeditor/fckeditor/editor/plugins/flvPlayer flvPlayer.gif
2008.10.14 18:37 B E:\installations\apache2triad\htdocs\chalbasey\safari_fckeditor\fckeditor\editor\plugins\flvPlayer\flvPlayer.html --> chalbasey.com /www/safari_fckeditor/fckeditor/editor/plugins/flvPlayer flvPlayer.html
2008.10.14 18:37 B E:\installations\apache2triad\htdocs\chalbasey\safari_fckeditor\fckeditor\editor\plugins\flvPlayer\flvPlayer.js --> chalbasey.com /www/safari_fckeditor/fckeditor/editor/plugins/flvPlayer flvPlayer.js
2008.10.14 18:37 B E:\installations\apache2triad\htdocs\chalbasey\safari_fckeditor\fckeditor\editor\plugins\flvPlayer\flvPlayer_recommendations_sample.xml --> chalbasey.com /www/safari_fckeditor/fckeditor/editor/plugins/flvPlayer flvPlayer_recommendations_sample.xml
2008.10.14 18:37 B E:\installations\apache2triad\htdocs\chalbasey\safari_fckeditor\fckeditor\editor\plugins\flvPlayer\flvPlayer_rss_sample.xml --> chalbasey.com /www/safari_fckeditor/fckeditor/editor/plugins/flvPlayer flvPlayer_rss_sample.xml
2008.10.14 18:37 B E:\installations\apache2triad\htdocs\chalbasey\safari_fckeditor\fckeditor\editor\plugins\flvPlayer\flvPlayer_xspf_sample.xml --> chalbasey.com /www/safari_fckeditor/fckeditor/editor/plugins/flvPlayer flvPlayer_xspf_sample.xml
2008.10.14 18:37 B E:\installations\apache2triad\htdocs\chalbasey\safari_fckeditor\fckeditor\editor\plugins\flvPlayer\mediaplayer.swf --> chalbasey.com /www/safari_fckeditor/fckeditor/editor/plugins/flvPlayer mediaplayer.swf
2008.10.14 18:37 B E:\installations\apache2triad\htdocs\chalbasey\safari_fckeditor\fckeditor\editor\plugins\flvPlayer\readme.html --> chalbasey.com /www/safari_fckeditor/fckeditor/editor/plugins/flvPlayer readme.html
2008.10.14 18:37 B E:\installations\apache2triad\htdocs\chalbasey\safari_fckeditor\fckeditor\editor\plugins\flvPlayer\swfobject.js --> chalbasey.com /www/safari_fckeditor/fckeditor/editor/plugins/flvPlayer swfobject.js
2008.10.15 18:58 B E:\installations\apache2triad\htdocs\chalbasey\safari_fckeditor\fckeditor\editor\plugins\flvPlayer\WS_FTP.LOG --> chalbasey.com /www/siteadmin/fckeditor/editor/plugins/flvPlayer WS_FTP.LOG
2008.10.15 18:58 B E:\installations\apache2triad\htdocs\chalbasey\safari_fckeditor\fckeditor\editor\plugins\flvPlayer\flvPlayer.js --> chalbasey.com /www/siteadmin/fckeditor/editor/plugins/flvPlayer flvPlayer.js
2008.10.15 18:58 B E:\installations\apache2triad\htdocs\chalbasey\safari_fckeditor\fckeditor\editor\plugins\flvPlayer\flvPlayer.html --> chalbasey.com /www/siteadmin/fckeditor/editor/plugins/flvPlayer flvPlayer.html
2008.10.15 18:58 B E:\installations\apache2triad\htdocs\chalbasey\safari_fckeditor\fckeditor\editor\plugins\flvPlayer\swfobject.js --> chalbasey.com /www/siteadmin/fckeditor/editor/plugins/flvPlayer swfobject.js
2008.10.15 18:59 B E:\installations\apache2triad\htdocs\chalbasey\safari_fckeditor\fckeditor\editor\plugins\flvPlayer\readme.html --> chalbasey.com /www/siteadmin/fckeditor/editor/plugins/flvPlayer readme.html
2008.10.15 18:59 B E:\installations\apache2triad\htdocs\chalbasey\safari_fckeditor\fckeditor\editor\plugins\flvPlayer\mediaplayer.swf --> chalbasey.com /www/siteadmin/fckeditor/editor/plugins/flvPlayer mediaplayer.swf
2008.10.15 18:59 B E:\installations\apache2triad\htdocs\chalbasey\safari_fckeditor\fckeditor\editor\plugins\flvPlayer\flvPlayer_xspf_sample.xml --> chalbasey.com /www/siteadmin/fckeditor/editor/plugins/flvPlayer flvPlayer_xspf_sample.xml
2008.10.15 18:59 B E:\installations\apache2triad\htdocs\chalbasey\safari_fckeditor\fckeditor\editor\plugins\flvPlayer\flvPlayer_rss_sample.xml --> chalbasey.com /www/siteadmin/fckeditor/editor/plugins/flvPlayer flvPlayer_rss_sample.xml
2008.10.15 18:59 B E:\installations\apache2triad\htdocs\chalbasey\safari_fckeditor\fckeditor\editor\plugins\flvPlayer\flvPlayer_recommendations_sample.xml --> chalbasey.com /www/siteadmin/fckeditor/editor/plugins/flvPlayer flvPlayer_recommendations_sample.xml
2008.10.15 18:59 B E:\installations\apache2triad\htdocs\chalbasey\safari_fckeditor\fckeditor\editor\plugins\flvPlayer\flvPlayer.gif --> chalbasey.com /www/siteadmin/fckeditor/editor/plugins/flvPlayer flvPlayer.gif
2008.10.15 18:59 B E:\installations\apache2triad\htdocs\chalbasey\safari_fckeditor\fckeditor\editor\plugins\flvPlayer\fckplugin.js --> chalbasey.com /www/siteadmin/fckeditor/editor/plugins/flvPlayer fckplugin.js
