2008.10.14 16:15 B E:\installations\apache2triad\htdocs\chalbasey\safari_fckeditor\fckeditor\fckconfig.js --> chalbasey.com /www/safari_fckeditor/fckeditor fckconfig.js
2008.10.14 18:37 B E:\installations\apache2triad\htdocs\chalbasey\safari_fckeditor\fckeditor\fckconfig.js --> chalbasey.com /www/safari_fckeditor/fckeditor fckconfig.js
2008.10.15 19:07 B E:\installations\apache2triad\htdocs\chalbasey\safari_fckeditor\fckeditor\fckconfig.js --> chalbasey.com /www/siteadmin/fckeditor fckconfig.js
2009.04.01 15:45 B E:\installations\apache2triad\htdocs\sig\admin\fckeditor\fckconfig.js --> www.infomist.com /sig/admin/fckeditor fckconfig.js
2009.04.01 15:45 B E:\installations\apache2triad\htdocs\sig\admin\fckeditor\fckeditor.js --> www.infomist.com /sig/admin/fckeditor fckeditor.js
2009.04.01 15:45 B E:\installations\apache2triad\htdocs\sig\admin\fckeditor\fckeditor.afp --> www.infomist.com /sig/admin/fckeditor fckeditor.afp
2009.04.01 15:45 B E:\installations\apache2triad\htdocs\sig\admin\fckeditor\_whatsnew.html --> www.infomist.com /sig/admin/fckeditor _whatsnew.html
2009.04.01 15:45 B E:\installations\apache2triad\htdocs\sig\admin\fckeditor\_whatsnew_history.html --> www.infomist.com /sig/admin/fckeditor _whatsnew_history.html
2009.04.01 15:45 B E:\installations\apache2triad\htdocs\sig\admin\fckeditor\fckstyles.xml --> www.infomist.com /sig/admin/fckeditor fckstyles.xml
2009.04.01 15:45 B E:\installations\apache2triad\htdocs\sig\admin\fckeditor\fckpackager.xml --> www.infomist.com /sig/admin/fckeditor fckpackager.xml
2009.04.01 15:45 B E:\installations\apache2triad\htdocs\sig\admin\fckeditor\fckeditor.cfm --> www.infomist.com /sig/admin/fckeditor fckeditor.cfm
2009.04.01 15:45 B E:\installations\apache2triad\htdocs\sig\admin\fckeditor\fckeditor.cfc --> www.infomist.com /sig/admin/fckeditor fckeditor.cfc
2009.04.01 15:46 B E:\installations\apache2triad\htdocs\sig\admin\fckeditor\fckeditor_php5.php --> www.infomist.com /sig/admin/fckeditor fckeditor_php5.php
2009.04.01 15:46 B E:\installations\apache2triad\htdocs\sig\admin\fckeditor\fckeditor_php4.php --> www.infomist.com /sig/admin/fckeditor fckeditor_php4.php
2009.04.01 15:46 B E:\installations\apache2triad\htdocs\sig\admin\fckeditor\fckeditor.php --> www.infomist.com /sig/admin/fckeditor fckeditor.php
2009.04.01 15:46 B E:\installations\apache2triad\htdocs\sig\admin\fckeditor\fckeditor.py --> www.infomist.com /sig/admin/fckeditor fckeditor.py
2009.04.01 15:46 B E:\installations\apache2triad\htdocs\sig\admin\fckeditor\_upgrade.html --> www.infomist.com /sig/admin/fckeditor _upgrade.html
2009.04.01 15:46 B E:\installations\apache2triad\htdocs\sig\admin\fckeditor\_documentation.html --> www.infomist.com /sig/admin/fckeditor _documentation.html
2009.04.01 15:46 B E:\installations\apache2triad\htdocs\sig\admin\fckeditor\license.txt --> www.infomist.com /sig/admin/fckeditor license.txt
2009.04.01 15:46 B E:\installations\apache2triad\htdocs\sig\admin\fckeditor\fckutils.cfm --> www.infomist.com /sig/admin/fckeditor fckutils.cfm
2009.04.01 15:46 B E:\installations\apache2triad\htdocs\sig\admin\fckeditor\fcktemplates.xml --> www.infomist.com /sig/admin/fckeditor fcktemplates.xml
2009.04.01 15:46 B E:\installations\apache2triad\htdocs\sig\admin\fckeditor\fckeditor.pl --> www.infomist.com /sig/admin/fckeditor fckeditor.pl
2009.04.01 15:46 B E:\installations\apache2triad\htdocs\sig\admin\fckeditor\fckeditor.lasso --> www.infomist.com /sig/admin/fckeditor fckeditor.lasso
2009.04.01 15:46 B E:\installations\apache2triad\htdocs\sig\admin\fckeditor\fckeditor.asp --> www.infomist.com /sig/admin/fckeditor fckeditor.asp
