2009.04.01 14:17 B E:\installations\apache2triad\htdocs\sig\admin\fckeditor\editor\filemanager\browser\default\images\icons\32\ai.gif --> www.infomist.com /sig/admin/fckeditor/editor/filemanager/browser/default/images/icons/32 ai.gif
2009.04.01 14:17 B E:\installations\apache2triad\htdocs\sig\admin\fckeditor\editor\filemanager\browser\default\images\icons\32\avi.gif --> www.infomist.com /sig/admin/fckeditor/editor/filemanager/browser/default/images/icons/32 avi.gif
2009.04.01 14:17 B E:\installations\apache2triad\htdocs\sig\admin\fckeditor\editor\filemanager\browser\default\images\icons\32\bmp.gif --> www.infomist.com /sig/admin/fckeditor/editor/filemanager/browser/default/images/icons/32 bmp.gif
2009.04.01 14:17 B E:\installations\apache2triad\htdocs\sig\admin\fckeditor\editor\filemanager\browser\default\images\icons\32\cs.gif --> www.infomist.com /sig/admin/fckeditor/editor/filemanager/browser/default/images/icons/32 cs.gif
2009.04.01 14:17 B E:\installations\apache2triad\htdocs\sig\admin\fckeditor\editor\filemanager\browser\default\images\icons\32\default.icon.gif --> www.infomist.com /sig/admin/fckeditor/editor/filemanager/browser/default/images/icons/32 default.icon.gif
2009.04.01 14:17 B E:\installations\apache2triad\htdocs\sig\admin\fckeditor\editor\filemanager\browser\default\images\icons\32\dll.gif --> www.infomist.com /sig/admin/fckeditor/editor/filemanager/browser/default/images/icons/32 dll.gif
2009.04.01 14:17 B E:\installations\apache2triad\htdocs\sig\admin\fckeditor\editor\filemanager\browser\default\images\icons\32\doc.gif --> www.infomist.com /sig/admin/fckeditor/editor/filemanager/browser/default/images/icons/32 doc.gif
2009.04.01 14:17 B E:\installations\apache2triad\htdocs\sig\admin\fckeditor\editor\filemanager\browser\default\images\icons\32\exe.gif --> www.infomist.com /sig/admin/fckeditor/editor/filemanager/browser/default/images/icons/32 exe.gif
2009.04.01 14:17 B E:\installations\apache2triad\htdocs\sig\admin\fckeditor\editor\filemanager\browser\default\images\icons\32\fla.gif --> www.infomist.com /sig/admin/fckeditor/editor/filemanager/browser/default/images/icons/32 fla.gif
2009.04.01 14:17 B E:\installations\apache2triad\htdocs\sig\admin\fckeditor\editor\filemanager\browser\default\images\icons\32\gif.gif --> www.infomist.com /sig/admin/fckeditor/editor/filemanager/browser/default/images/icons/32 gif.gif
2009.04.01 14:17 B E:\installations\apache2triad\htdocs\sig\admin\fckeditor\editor\filemanager\browser\default\images\icons\32\htm.gif --> www.infomist.com /sig/admin/fckeditor/editor/filemanager/browser/default/images/icons/32 htm.gif
2009.04.01 14:17 B E:\installations\apache2triad\htdocs\sig\admin\fckeditor\editor\filemanager\browser\default\images\icons\32\html.gif --> www.infomist.com /sig/admin/fckeditor/editor/filemanager/browser/default/images/icons/32 html.gif
2009.04.01 14:17 B E:\installations\apache2triad\htdocs\sig\admin\fckeditor\editor\filemanager\browser\default\images\icons\32\jpg.gif --> www.infomist.com /sig/admin/fckeditor/editor/filemanager/browser/default/images/icons/32 jpg.gif
2009.04.01 14:17 B E:\installations\apache2triad\htdocs\sig\admin\fckeditor\editor\filemanager\browser\default\images\icons\32\js.gif --> www.infomist.com /sig/admin/fckeditor/editor/filemanager/browser/default/images/icons/32 js.gif
2009.04.01 14:17 B E:\installations\apache2triad\htdocs\sig\admin\fckeditor\editor\filemanager\browser\default\images\icons\32\mdb.gif --> www.infomist.com /sig/admin/fckeditor/editor/filemanager/browser/default/images/icons/32 mdb.gif
2009.04.01 14:17 B E:\installations\apache2triad\htdocs\sig\admin\fckeditor\editor\filemanager\browser\default\images\icons\32\mp3.gif --> www.infomist.com /sig/admin/fckeditor/editor/filemanager/browser/default/images/icons/32 mp3.gif
2009.04.01 16:48 B E:\installations\apache2triad\htdocs\sig\admin\fckeditor\editor\filemanager\browser\default\images\icons\32\pdf.gif --> www.infomist.com /sig/admin/fckeditor/editor/filemanager/browser/default/images/icons/32 pdf.gif
2009.04.01 16:48 B E:\installations\apache2triad\htdocs\sig\admin\fckeditor\editor\filemanager\browser\default\images\icons\32\png.gif --> www.infomist.com /sig/admin/fckeditor/editor/filemanager/browser/default/images/icons/32 png.gif
2009.04.01 16:48 B E:\installations\apache2triad\htdocs\sig\admin\fckeditor\editor\filemanager\browser\default\images\icons\32\ppt.gif --> www.infomist.com /sig/admin/fckeditor/editor/filemanager/browser/default/images/icons/32 ppt.gif
2009.04.01 16:48 B E:\installations\apache2triad\htdocs\sig\admin\fckeditor\editor\filemanager\browser\default\images\icons\32\rdp.gif --> www.infomist.com /sig/admin/fckeditor/editor/filemanager/browser/default/images/icons/32 rdp.gif
2009.04.01 16:49 B E:\installations\apache2triad\htdocs\sig\admin\fckeditor\editor\filemanager\browser\default\images\icons\32\swf.gif --> www.infomist.com /sig/admin/fckeditor/editor/filemanager/browser/default/images/icons/32 swf.gif
2009.04.01 16:49 B E:\installations\apache2triad\htdocs\sig\admin\fckeditor\editor\filemanager\browser\default\images\icons\32\swt.gif --> www.infomist.com /sig/admin/fckeditor/editor/filemanager/browser/default/images/icons/32 swt.gif
2009.04.01 16:49 B E:\installations\apache2triad\htdocs\sig\admin\fckeditor\editor\filemanager\browser\default\images\icons\32\txt.gif --> www.infomist.com /sig/admin/fckeditor/editor/filemanager/browser/default/images/icons/32 txt.gif
2009.04.01 16:49 B E:\installations\apache2triad\htdocs\sig\admin\fckeditor\editor\filemanager\browser\default\images\icons\32\vsd.gif --> www.infomist.com /sig/admin/fckeditor/editor/filemanager/browser/default/images/icons/32 vsd.gif
2009.04.01 16:49 B E:\installations\apache2triad\htdocs\sig\admin\fckeditor\editor\filemanager\browser\default\images\icons\32\WS_FTP.LOG --> www.infomist.com /sig/admin/fckeditor/editor/filemanager/browser/default/images/icons/32 WS_FTP.LOG
2009.04.01 16:49 B E:\installations\apache2triad\htdocs\sig\admin\fckeditor\editor\filemanager\browser\default\images\icons\32\xls.gif --> www.infomist.com /sig/admin/fckeditor/editor/filemanager/browser/default/images/icons/32 xls.gif
2009.04.01 16:49 B E:\installations\apache2triad\htdocs\sig\admin\fckeditor\editor\filemanager\browser\default\images\icons\32\xml.gif --> www.infomist.com /sig/admin/fckeditor/editor/filemanager/browser/default/images/icons/32 xml.gif
2009.04.01 16:50 B E:\installations\apache2triad\htdocs\sig\admin\fckeditor\editor\filemanager\browser\default\images\icons\32\zip.gif --> www.infomist.com /sig/admin/fckeditor/editor/filemanager/browser/default/images/icons/32 zip.gif
